<?xml version="1.0" encoding="UTF-8"?>
<testsuite xmlns:xsi="http://www.w3.org/2001/XMLSchema-instance" xsi:noNamespaceSchemaLocation="https://maven.apache.org/surefire/maven-surefire-plugin/xsd/surefire-test-report-3.0.xsd" version="3.0" name="paytm.RegionSupportTest" time="0.055" tests="1" errors="0" skipped="0" failures="0">
  <properties>
    <property name="sun.desktop" value="windows"/>
    <property name="awt.toolkit" value="sun.awt.windows.WToolkit"/>
    <property name="file.encoding.pkg" value="sun.io"/>
    <property name="java.specification.version" value="1.8"/>
    <property name="sun.cpu.isalist" value="amd64"/>
    <property name="sun.jnu.encoding" value="Cp1252"/>
    <property name="java.class.path" value="G:\My Drive\DevOps softwares\maven\new-project-paytm\recharge\recharge\target\test-classes;G:\My Drive\DevOps softwares\maven\new-project-paytm\recharge\recharge\target\classes;C:\Users\mahen\.m2\repository\org\apache\camel\camel-blueprint\2.13.1\camel-blueprint-2.13.1.jar;C:\Users\mahen\.m2\repository\org\apache\camel\camel-core\2.13.1\camel-core-2.13.1.jar;C:\Users\mahen\.m2\repository\org\slf4j\slf4j-api\1.7.5\slf4j-api-1.7.5.jar;C:\Users\mahen\.m2\repository\com\sun\xml\bind\jaxb-impl\2.2.6\jaxb-impl-2.2.6.jar;C:\Users\mahen\.m2\repository\org\apache\camel\camel-core-xml\2.13.1\camel-core-xml-2.13.1.jar;C:\Users\mahen\.m2\repository\org\apache\camel\camel-core-osgi\2.13.1\camel-core-osgi-2.13.1.jar;C:\Users\mahen\.m2\repository\junit\junit\4.11\junit-4.11.jar;C:\Users\mahen\.m2\repository\org\hamcrest\hamcrest-core\1.3\hamcrest-core-1.3.jar;"/>
    <property name="java.vm.vendor" value="Oracle Corporation"/>
    <property name="sun.arch.data.model" value="64"/>
    <property name="user.variant" value=""/>
    <property name="java.vendor.url" value="http://java.oracle.com/"/>
    <property name="user.timezone" value="Asia/Calcutta"/>
    <property name="java.vm.specification.version" value="1.8"/>
    <property name="os.name" value="Windows 10"/>
    <property name="user.country" value="IN"/>
    <property name="sun.java.launcher" value="SUN_STANDARD"/>
    <property name="sun.boot.library.path" value="C:\Program Files\Java\jdk1.8.0_202\jre\bin"/>
    <property name="sun.java.command" value="C:\Users\mahen\AppData\Local\Temp\surefire6094104962016456612\surefirebooter5750139082086031811.jar C:\Users\mahen\AppData\Local\Temp\surefire6094104962016456612 2021-10-24T18-35-33_593-jvmRun1 surefire9141481621579009826tmp surefire_07619300855456872944tmp"/>
    <property name="surefire.test.class.path" value="G:\My Drive\DevOps softwares\maven\new-project-paytm\recharge\recharge\target\test-classes;G:\My Drive\DevOps softwares\maven\new-project-paytm\recharge\recharge\target\classes;C:\Users\mahen\.m2\repository\org\apache\camel\camel-blueprint\2.13.1\camel-blueprint-2.13.1.jar;C:\Users\mahen\.m2\repository\org\apache\camel\camel-core\2.13.1\camel-core-2.13.1.jar;C:\Users\mahen\.m2\repository\org\slf4j\slf4j-api\1.7.5\slf4j-api-1.7.5.jar;C:\Users\mahen\.m2\repository\com\sun\xml\bind\jaxb-impl\2.2.6\jaxb-impl-2.2.6.jar;C:\Users\mahen\.m2\repository\org\apache\camel\camel-core-xml\2.13.1\camel-core-xml-2.13.1.jar;C:\Users\mahen\.m2\repository\org\apache\camel\camel-core-osgi\2.13.1\camel-core-osgi-2.13.1.jar;C:\Users\mahen\.m2\repository\junit\junit\4.11\junit-4.11.jar;C:\Users\mahen\.m2\repository\org\hamcrest\hamcrest-core\1.3\hamcrest-core-1.3.jar;"/>
    <property name="sun.cpu.endian" value="little"/>
    <property name="user.home" value="C:\Users\mahen"/>
    <property name="user.language" value="en"/>
    <property name="java.specification.vendor" value="Oracle Corporation"/>
    <property name="java.home" value="C:\Program Files\Java\jdk1.8.0_202\jre"/>
    <property name="basedir" value="G:\My Drive\DevOps softwares\maven\new-project-paytm\recharge\recharge"/>
    <property name="file.separator" value="\"/>
    <property name="line.separator" value="&#10;"/>
    <property name="java.vm.specification.vendor" value="Oracle Corporation"/>
    <property name="java.specification.name" value="Java Platform API Specification"/>
    <property name="java.awt.graphicsenv" value="sun.awt.Win32GraphicsEnvironment"/>
    <property name="surefire.real.class.path" value="C:\Users\mahen\AppData\Local\Temp\surefire6094104962016456612\surefirebooter5750139082086031811.jar"/>
    <property name="sun.boot.class.path" value="C:\Program Files\Java\jdk1.8.0_202\jre\lib\resources.jar;C:\Program Files\Java\jdk1.8.0_202\jre\lib\rt.jar;C:\Program Files\Java\jdk1.8.0_202\jre\lib\sunrsasign.jar;C:\Program Files\Java\jdk1.8.0_202\jre\lib\jsse.jar;C:\Program Files\Java\jdk1.8.0_202\jre\lib\jce.jar;C:\Program Files\Java\jdk1.8.0_202\jre\lib\charsets.jar;C:\Program Files\Java\jdk1.8.0_202\jre\lib\jfr.jar;C:\Program Files\Java\jdk1.8.0_202\jre\classes"/>
    <property name="user.script" value=""/>
    <property name="sun.management.compiler" value="HotSpot 64-Bit Tiered Compilers"/>
    <property name="java.runtime.version" value="1.8.0_202-b08"/>
    <property name="user.name" value="mahen"/>
    <property name="path.separator" value=";"/>
    <property name="os.version" value="10.0"/>
    <property name="java.endorsed.dirs" value="C:\Program Files\Java\jdk1.8.0_202\jre\lib\endorsed"/>
    <property name="java.runtime.name" value="Java(TM) SE Runtime Environment"/>
    <property name="file.encoding" value="Cp1252"/>
    <property name="java.vm.name" value="Java HotSpot(TM) 64-Bit Server VM"/>
    <property name="localRepository" value="C:\Users\mahen\.m2\repository"/>
    <property name="java.vendor.url.bug" value="http://bugreport.sun.com/bugreport/"/>
    <property name="java.io.tmpdir" value="C:\Users\mahen\AppData\Local\Temp\"/>
    <property name="java.version" value="1.8.0_202"/>
    <property name="user.dir" value="G:\My Drive\DevOps softwares\maven\new-project-paytm\recharge\recharge"/>
    <property name="os.arch" value="amd64"/>
    <property name="java.vm.specification.name" value="Java Virtual Machine Specification"/>
    <property name="java.awt.printerjob" value="sun.awt.windows.WPrinterJob"/>
    <property name="sun.os.patch.level" value=""/>
    <property name="java.library.path" value="C:\Program Files\Java\jdk1.8.0_202\jre\bin;C:\Windows\Sun\Java\bin;C:\Windows\system32;C:\Windows;C:\Program Files (x86)\Common Files\Oracle\Java\javapath;C:\Windows\system32;C:\Windows;C:\Windows\System32\Wbem;C:\Windows\System32\WindowsPowerShell\v1.0\;C:\Windows\System32\OpenSSH\;C:\Program Files\Git\cmd;C:\Program Files\Java\jdk1.8.0_202\bin;G:\My Drive\DevOps softwares\maven\apache-maven-3.8.3-bin\apache-maven-3.8.3\bin;C:\Users\mahen\AppData\Local\Microsoft\WindowsApps;;."/>
    <property name="java.vm.info" value="mixed mode"/>
    <property name="java.vendor" value="Oracle Corporation"/>
    <property name="java.vm.version" value="25.202-b08"/>
    <property name="java.ext.dirs" value="C:\Program Files\Java\jdk1.8.0_202\jre\lib\ext;C:\Windows\Sun\Java\lib\ext"/>
    <property name="sun.io.unicode.encoding" value="UnicodeLittle"/>
    <property name="java.class.version" value="52.0"/>
  </properties>
  <testcase name="testGetRegion" classname="paytm.RegionSupportTest" time="0.004"/>
</testsuite>